INFO:root:Tue May 07 18:14:31 2013::http://www.whitehouse.gov/blog
INFO:root:Tue May 07 18:15:44 2013::http://www.whitehouse.gov/about/fellows/news
INFO:root:Tue May 07 18:16:04 2013::http://www.whitehouse.gov/issues/it-gets-better
INFO:root:Tue May 07 18:16:34 2013::http://www.whitehouse.gov/schedule/complete
INFO:root:Tue May 07 18:16:58 2013::http://www.dol.gov/dol/media/webcast/20101118-itgetsbetter/index-sp.htm
INFO:root:Tue May 07 18:17:11 2013::http://www.whitehouse.gov/blog/author/Alan Krueger
INFO:root:Tue May 07 18:17:52 2013::http://www.whitehouse.gov/our-government/the-constitution
INFO:root:Tue May 07 18:18:15 2013::http://www.whitehouse.gov/sequester
INFO:root:Tue May 07 18:18:47 2013::http://www.whitehouse.gov/about/presidents
INFO:root:Tue May 07 18:19:06 2013::http://www.whitehouse.gov/sites/default/files/white-house-appoints-2011-2012-class-of-white-house-fellows.pdf
INFO:root:Tue May 07 18:19:12 2013::http://www.whitehouse.gov/administration/staff/pete-rouse
INFO:root:Tue May 07 18:19:22 2013::http://www.whitehouse.gov/blog/2013/03/02/looking-back-white-house-hackathon
INFO:root:Tue May 07 18:19:55 2013::http://www.whitehouse.gov/about/presidents/calvincoolidge
INFO:root:Tue May 07 18:20:10 2013::http://www.whitehouse.gov/briefing-room/disclosures/annual-records/2009
INFO:root:Tue May 07 18:20:24 2013::http://www.whitehouse.gov/about
INFO:root:Tue May 07 18:21:00 2013::http://www.whitehouse.gov/briefing-room
INFO:root:Tue May 07 18:21:16 2013::http://www.whitehouse.gov/get-email-updates
INFO:root:Tue May 07 18:21:26 2013::http://www.whitehouse.gov/sites/default/files/uploads/national_finalist_press_release.pdf
INFO:root:Tue May 07 18:21:30 2013::http://www.dol.gov/dol/contact/
INFO:root:Tue May 07 18:21:40 2013::http://www.whitehouse.gov/our-government/resources
INFO:root:Tue May 07 18:32:55 2013::http://go.bloomberg.com/tech-blog/steve-jobs/
INFO:root:Tue May 07 18:33:44 2013::http://go.bloomberg.com/tech-blog/hp/
INFO:root:Tue May 07 18:34:44 2013::http://www.bloomberg.com/notices/tos.html
INFO:root:Tue May 07 18:35:12 2013::http://facebook.com/peterlburrows
INFO:root:Tue May 07 18:35:31 2013::http://www.bloomberg.com/quote/SPX:IND
INFO:root:Tue May 07 18:36:00 2013::http://facebook.com/public/Peter-Burrows
INFO:root:Tue May 07 18:36:16 2013::http://go.bloomberg.com/tech-blog/media-2/
INFO:root:Tue May 07 18:37:06 2013::http://www.facebook.com/directory/pages/
INFO:root:Tue May 07 18:37:41 2013::http://go.bloomberg.com/tech-blog/2013-03-25-coming-to-a-screen-near-you-virtual-product-placement/
INFO:root:Tue May 07 18:38:26 2013::http://www.bloomberg.com/markets/currencies/cross-rates/
INFO:root:Tue May 07 18:38:52 2013::http://www.facebook.com/coca-cola
INFO:root:Tue May 07 18:39:11 2013::http://www.bloomberg.com/quote/HKDUSD:CUR
INFO:root:Tue May 07 18:39:34 2013::http://www.facebook.com/peter.burrows.14
INFO:root:Tue May 07 18:39:46 2013::http://www.bloomberg.com/professional/bloomberg_anywhere/
INFO:root:Tue May 07 18:40:06 2013::http://www.facebook.com/coca-cola/timeline/2012/4
INFO:root:Tue May 07 18:40:21 2013::http://www.bloomberg.com/quote/GBPHKD:CUR
INFO:root:Tue May 07 18:40:45 2013::http://go.bloomberg.com/tech-blog/2013-03-10-hey-kids-forget-netflix-come-party-with-the-new-york-times/
INFO:root:Tue May 07 18:41:53 2013::http://www.facebook.com/coca-cola/timeline/1970/6
INFO:root:Tue May 07 18:42:09 2013::http://www.bloomberg.com/quote/AUDCAD:CUR
INFO:root:Tue May 07 18:42:44 2013::http://www.bloomberg.com/company/#bvault
INFO:root:Tue May 07 18:43:02 2013::http://www.facebook.com/coca-cola/timeline/1971/6
INFO:root:Tue May 07 18:43:23 2013::http://www.facebook.com/coca-cola/timeline/1971/7
INFO:root:Tue May 07 18:43:43 2013::http://www.facebook.com/coca-cola/timeline/1971/4
INFO:root:Tue May 07 18:44:04 2013::http://www.facebook.com/coca-cola/timeline/1971/5
INFO:root:Tue May 07 18:44:24 2013::http://www.facebook.com/coca-cola/timeline/1971/2
INFO:root:Tue May 07 18:44:45 2013::http://www.facebook.com/coca-cola/timeline/1971/3
INFO:root:Tue May 07 18:45:05 2013::http://www.facebook.com/coca-cola/timeline/1971/1
INFO:root:Tue May 07 18:45:26 2013::http://www.facebook.com/coca-cola/timeline/1971/8
INFO:root:Tue May 07 18:45:46 2013::http://www.facebook.com/coca-cola/timeline/1971/9
INFO:root:Tue May 07 18:46:04 2013::http://www.bloomberg.com/quote/EURSGD:CUR
INFO:root:Tue May 07 18:46:28 2013::http://www.bloomberg.com/quote/CHFEUR:CUR
INFO:root:Tue May 07 18:46:55 2013::http://www.facebook.com/coca-cola/timeline/1970/5
INFO:root:Tue May 07 18:47:08 2013::http://www.bloomberg.com/sustainability/natural-resources/
INFO:root:Tue May 07 18:47:43 2013::http://www.facebook.com/EnglandTeam
INFO:root:Tue May 07 18:48:03 2013::http://go.bloomberg.com/tech-blog/2013-03-22-foxconn-doesnt-want-to-be-confused-with-foxconn-so-its-changing-its-name/
INFO:root:Tue May 07 18:48:51 2013::http://www.bloomberg.com/technology/slideshows/
INFO:root:Tue May 07 18:49:54 2013::http://www.facebook.com/EnglandTeam/timeline/2007/4
INFO:root:Tue May 07 18:50:16 2013::http://www.facebook.com/cocacolazero
INFO:root:Tue May 07 18:50:28 2013::http://www.facebook.com/photo.php?fbid=10151426931047909&amp;set=a.10150203571397909.318870.92369877908&amp;type=1
INFO:root:Tue May 07 18:50:41 2013::http://www.bloomberg.com/mobile/businessweek/
INFO:root:Tue May 07 18:51:09 2013::http://www.bloomberg.com/quote/USDSGD:CUR
INFO:root:Tue May 07 18:51:31 2013::http://go.bloomberg.com/tech-blog/2013-03-19-apple-just-hired-one-of-its-outspoken-critics/
INFO:root:Tue May 07 18:52:33 2013::http://www.facebook.com/pages/I-Manchester/81840131518
INFO:root:Tue May 07 18:52:58 2013::http://www.facebook.com/BloombergLaw
INFO:root:Tue May 07 18:59:59 2013::http://www.wired.com/threatlevel/
INFO:root:Tue May 07 19:09:25 2013::http://www.wired.com/threatlevel/2013/05/hacker-breached-dam-database/#respond
ERROR:root:[Errno socket error] [Errno 10060] A connection attempt failed because the connected party did not properly respond after a period of time, or established connection failed because connected host has failed to respond
ERROR:root:[Errno socket error] [Errno 11004] getaddrinfo failed
ERROR:root:[Errno socket error] [Errno 11004] getaddrinfo failed
ERROR:root:[Errno socket error] [Errno 11004] getaddrinfo failed
ERROR:root:[Errno socket error] [Errno 11004] getaddrinfo failed
ERROR:root:[Errno socket error] [Errno 11004] getaddrinfo failed
ERROR:root:[Errno socket error] [Errno 11004] getaddrinfo failed
ERROR:root:[Errno socket error] [Errno 11004] getaddrinfo failed
ERROR:root:[Errno socket error] [Errno 11004] getaddrinfo failed
ERROR:root:[Errno socket error] [Errno 11004] getaddrinfo failed
ERROR:root:[Errno socket error] [Errno 11004] getaddrinfo failed
ERROR:root:[Errno socket error] [Errno 11004] getaddrinfo failed
ERROR:root:[Errno socket error] [Errno 11004] getaddrinfo failed
ERROR:root:[Errno socket error] [Errno 11004] getaddrinfo failed
ERROR:root:[Errno socket error] [Errno 11004] getaddrinfo failed
ERROR:root:[Errno socket error] [Errno 11004] getaddrinfo failed
ERROR:root:[Errno socket error] [Errno 11004] getaddrinfo failed
ERROR:root:[Errno socket error] [Errno 11004] getaddrinfo failed
ERROR:root:[Errno socket error] [Errno 11004] getaddrinfo failed
ERROR:root:[Errno socket error] [Errno 11004] getaddrinfo failed
ERROR:root:[Errno socket error] [Errno 11004] getaddrinfo failed
ERROR:root:[Errno socket error] [Errno 11004] getaddrinfo failed
ERROR:root:[Errno socket error] [Errno 11004] getaddrinfo failed
ERROR:root:[Errno socket error] [Errno 11004] getaddrinfo failed
ERROR:root:[Errno socket error] [Errno 11004] getaddrinfo failed
ERROR:root:[Errno socket error] [Errno 11004] getaddrinfo failed
ERROR:root:[Errno socket error] [Errno 11004] getaddrinfo failed
ERROR:root:[Errno socket error] [Errno 11004] getaddrinfo failed
ERROR:root:[Errno socket error] [Errno 11004] getaddrinfo failed
ERROR:root:[Errno socket error] [Errno 11004] getaddrinfo failed
ERROR:root:[Errno socket error] [Errno 11004] getaddrinfo failed
ERROR:root:[Errno socket error] [Errno 11004] getaddrinfo failed
ERROR:root:[Errno socket error] [Errno 11004] getaddrinfo failed
ERROR:root:[Errno socket error] [Errno 11004] getaddrinfo failed
ERROR:root:[Errno socket error] [Errno 11004] getaddrinfo failed
ERROR:root:[Errno socket error] [Errno 11004] getaddrinfo failed
ERROR:root:[Errno socket error] [Errno 11004] getaddrinfo failed
ERROR:root:[Errno socket error] [Errno 11004] getaddrinfo failed
ERROR:root:[Errno socket error] [Errno 11004] getaddrinfo failed
ERROR:root:[Errno socket error] [Errno 11004] getaddrinfo failed
ERROR:root:[Errno socket error] [Errno 11004] getaddrinfo failed
ERROR:root:[Errno socket error] [Errno 11004] getaddrinfo failed
ERROR:root:[Errno socket error] [Errno 11004] getaddrinfo failed
ERROR:root:[Errno socket error] [Errno 11004] getaddrinfo failed
ERROR:root:[Errno socket error] [Errno 11004] getaddrinfo failed
ERROR:root:[Errno socket error] [Errno 11004] getaddrinfo failed
ERROR:root:[Errno socket error] [Errno 11004] getaddrinfo failed
ERROR:root:[Errno socket error] [Errno 11004] getaddrinfo failed
ERROR:root:[Errno socket error] [Errno 11004] getaddrinfo failed
ERROR:root:[Errno socket error] [Errno 11004] getaddrinfo failed
ERROR:root:[Errno socket error] [Errno 11004] getaddrinfo failed
ERROR:root:[Errno socket error] [Errno 11004] getaddrinfo failed
ERROR:root:[Errno socket error] [Errno 11004] getaddrinfo failed
ERROR:root:[Errno socket error] [Errno 11004] getaddrinfo failed
ERROR:root:[Errno socket error] [Errno 11004] getaddrinfo failed
ERROR:root:[Errno socket error] [Errno 11004] getaddrinfo failed
ERROR:root:[Errno socket error] [Errno 11004] getaddrinfo failed
ERROR:root:[Errno socket error] [Errno 11004] getaddrinfo failed
ERROR:root:[Errno socket error] [Errno 11004] getaddrinfo failed
ERROR:root:[Errno socket error] [Errno 11004] getaddrinfo failed
ERROR:root:[Errno socket error] [Errno 11004] getaddrinfo failed
ERROR:root:[Errno socket error] [Errno 11004] getaddrinfo failed
ERROR:root:[Errno socket error] [Errno 11004] getaddrinfo failed
ERROR:root:[Errno socket error] [Errno 11004] getaddrinfo failed
ERROR:root:[Errno socket error] [Errno 11004] getaddrinfo failed
ERROR:root:[Errno socket error] [Errno 11004] getaddrinfo failed
ERROR:root:[Errno socket error] [Errno 11004] getaddrinfo failed
ERROR:root:[Errno socket error] [Errno 11004] getaddrinfo failed
ERROR:root:[Errno socket error] [Errno 11004] getaddrinfo failed
ERROR:root:[Errno socket error] [Errno 11004] getaddrinfo failed
ERROR:root:[Errno socket error] [Errno 11004] getaddrinfo failed
ERROR:root:[Errno socket error] [Errno 11004] getaddrinfo failed
ERROR:root:[Errno socket error] [Errno 11004] getaddrinfo failed
ERROR:root:[Errno socket error] [Errno 11004] getaddrinfo failed
ERROR:root:[Errno socket error] [Errno 11004] getaddrinfo failed
ERROR:root:[Errno socket error] [Errno 11004] getaddrinfo failed
ERROR:root:[Errno socket error] [Errno 11004] getaddrinfo failed
ERROR:root:[Errno socket error] [Errno 11004] getaddrinfo failed
ERROR:root:[Errno socket error] [Errno 11004] getaddrinfo failed
ERROR:root:[Errno socket error] [Errno 11004] getaddrinfo failed
ERROR:root:[Errno socket error] [Errno 11004] getaddrinfo failed
ERROR:root:[Errno socket error] [Errno 11004] getaddrinfo failed
ERROR:root:[Errno socket error] [Errno 11004] getaddrinfo failed
ERROR:root:[Errno socket error] [Errno 11004] getaddrinfo failed
ERROR:root:[Errno socket error] [Errno 11004] getaddrinfo failed
ERROR:root:[Errno socket error] [Errno 11004] getaddrinfo failed
ERROR:root:[Errno socket error] [Errno 11004] getaddrinfo failed
ERROR:root:[Errno socket error] [Errno 11004] getaddrinfo failed
ERROR:root:[Errno socket error] [Errno 11004] getaddrinfo failed
ERROR:root:[Errno socket error] [Errno 11004] getaddrinfo failed
ERROR:root:[Errno socket error] [Errno 11004] getaddrinfo failed
ERROR:root:[Errno socket error] [Errno 11004] getaddrinfo failed
ERROR:root:[Errno socket error] [Errno 11004] getaddrinfo failed
ERROR:root:[Errno socket error] [Errno 11004] getaddrinfo failed
INFO:root:Tue May 07 19:28:56 2013::http://www.joystiq.com
INFO:root:Tue May 07 19:30:13 2013::http://www.joystiq.com/2013/05/06/bioshock-infin-eat-watch-booker-devour-all/
INFO:root:Tue May 07 19:30:52 2013::http://www.joystiq.com/2012/10/09/borderlands-2s-mechromancer-busts-out-early-available-later-to/
INFO:root:Tue May 07 19:31:21 2013::http://www.joystiq.com/contact/tips/
INFO:root:Tue May 07 19:31:43 2013::http://www.joystiq.com/screenshots/rex-rocket/5861831/
INFO:root:Wed May 08 10:18:13 2013::http://www.guardian.co.uk/
ERROR:root:'src'
INFO:root:Wed May 08 11:27:00 2013::http://www.guardian.co.uk/
ERROR:root:'src'
INFO:root:Wed May 08 11:28:16 2013::http://www.guardian.co.uk/
ERROR:root:'src'
INFO:root:Wed May 08 11:28:57 2013::http://www.makeuseof.com
INFO:root:Wed May 08 11:29:58 2013::http://www.makeuseof.com/tag/are-tablets-here-to-stay-you-told-us/#comments
INFO:root:Wed May 08 11:31:37 2013::http://www.harpers.org
ERROR:root:URL u'http://harpers.org/wp-content/uploads/2013/04\xa9JaredMoossy3-400x400.jpg' contains non-ASCII characters
INFO:root:Wed May 08 11:36:52 2013::http://www.harpers.org
ERROR:root:URL u'http://harpers.org/wp-content/uploads/2013/04\xa9JaredMoossy3-400x400.jpg' contains non-ASCII characters
INFO:root:Wed May 08 11:41:31 2013::http://www.harpers.org
ERROR:root:URL u'http://harpers.org/wp-content/uploads/2013/04\xa9JaredMoossy3-400x400.jpg' contains non-ASCII characters
INFO:root:Wed May 08 11:43:38 2013::http://www.harpers.org
ERROR:root:URL u'http://harpers.org/wp-content/uploads/2013/04\xa9JaredMoossy3-400x400.jpg' contains non-ASCII characters
INFO:root:Wed May 08 11:44:46 2013::http://harpers.org/author/tedconover/
ERROR:root:URL u'http://harpers.org/wp-content/uploads/2013/04\xa9JaredMoossy3-400x400.jpg' contains non-ASCII characters
INFO:root:Wed May 08 11:45:39 2013::http://harpers.org/blog/2013/05/harpers-magazine-wins-national-magazine-award-for-fiction/
ERROR:root:URL u'http://harpers.org/wp-content/uploads/2013/04\xa9JaredMoossy3-400x400.jpg' contains non-ASCII characters
INFO:root:Wed May 08 11:46:30 2013::http://harpers.org/media-2/
INFO:root:Wed May 08 11:53:23 2013::http://www.buzzfeed.com
INFO:root:Wed May 08 11:55:52 2013::http://www.glamour.com/beauty/blogs/girls-in-the-beauty-department/2013/05/disney-has-made-over-merida-fr.html
INFO:root:Wed May 08 11:56:35 2013::http://www.cracked.com
ERROR:root:'src'
INFO:root:Wed May 08 11:56:48 2013::http://www.buzzfeed.com/animals
ERROR:root:'src'
INFO:root:Wed May 08 11:56:57 2013::http://www.life.com
INFO:root:Wed May 08 12:01:59 2013::http://bits.blogs.nytimes.com/
INFO:root:Wed May 08 12:03:04 2013::http://dealbook.nytimes.com/2013/05/07/a-humbled-kleiner-perkins-adjusts-its-strategy/?partner=rss&emc=rss
INFO:root:Wed May 08 12:04:15 2013::http://dealbook.nytimes.com/category/columnists/dealbook-column/
INFO:root:Wed May 08 12:06:00 2013::http://gadgetwise.blogs.nytimes.com/2013/05/07/adobe-sends-boxed-software-to-the-cloud/?partner=rss&emc=rss
INFO:root:Wed May 08 12:06:33 2013::http://gadgetwise.blogs.nytimes.com/category/social-networks/
INFO:root:Wed May 08 12:07:23 2013::http://youtube.com/nytimes
INFO:root:Wed May 08 12:08:31 2013::http://gadgetwise.blogs.nytimes.com/category/social-networks/page/2/
INFO:root:Wed May 08 12:09:35 2013::http://gadgetwise.blogs.nytimes.com/
INFO:root:Wed May 08 12:10:17 2013::http://share.feedsportal.com/share/gplus/?u=http%3A%2F%2Fwww.nytimes.com%2F2013%2F05%2F08%2Fbusiness%2Fglobal%2Fchina-trade-figures-rise-slightly-but-weaknesses-persist.html%3Fpartner%3Drss%26emc%3Drss&t=China+Trade+Figures+Rise+Slightly%2C+but+Weaknesses+Persist
INFO:root:Wed May 08 12:10:26 2013::http://help.linkedin.com/app/answers/detail/a_id/49
INFO:root:Wed May 08 12:10:38 2013::http://help.linkedin.com/app/answers/detail/a_id/530
INFO:root:Wed May 08 12:10:51 2013::http://gadgetwise.blogs.nytimes.com/2012/05/16/now-on-pinterest-scams/#more-59334
INFO:root:Wed May 08 12:11:23 2013::http://bits.blogs.nytimes.com/2013/05/07/daily-report-the-google-glass-resistance/
INFO:root:Wed May 08 12:11:58 2013::http://share.feedsportal.com/share/gplus/?u=http%3A%2F%2Fdealbook.nytimes.com%2F2013%2F05%2F07%2Fsmall-firm-could-turn-the-vote-on-dimon%2F%3Fpartner%3Drss%26emc%3Drss&t=DealBook%3A+Small+Firm+Could+Turn+the+Vote+on+Dimon
INFO:root:Wed May 08 12:12:09 2013::http://help.linkedin.com/app/answers/global/a_id/425/related/1
INFO:root:Wed May 08 12:12:19 2013::https://www.facebook.com/help/326826564067688
INFO:root:Wed May 08 12:12:24 2013::http://www.nytimes.com/content/help/rights/copyright/copyright-notice.html
INFO:root:Fri May 10 15:59:22 2013::http://www.makeuseof.com/
INFO:root:Mon May 13 11:33:04 2013::http://googleblog.blogspot.com
INFO:root:Mon May 13 11:51:09 2013::http://googleblog.blogspot.com/
INFO:root:Mon May 13 11:51:28 2013::http://googleblog.blogspot.com/2013/04/google-now-on-your-iphone-and-ipad-with.html
INFO:root:Mon May 13 11:51:38 2013::http://2.bp.blogspot.com/-MuNNqdLE0fI/UYnIGhJrdTI/AAAAAAAAMPU/xZaUP-eS1es/s1600/translate1.png
INFO:root:Mon May 13 11:51:41 2013::http://1.bp.blogspot.com/-tDHwNQDTs4I/UYM17w-Kw0I/AAAAAAAAMMI/cz-EgFLVspE/s1600/1ZHGlADCGIc3ZJhENhRwTkzU_rcbLz8YfDznx.png
INFO:root:Mon May 13 11:51:43 2013::http://earthengine.google.org/#intro/Amazon
INFO:root:Mon May 13 11:51:52 2013::http://www.google.com/intl/en/policies/
INFO:root:Mon May 13 11:51:59 2013::http://earthengine.google.org/#search/tag:srtm
INFO:root:Mon May 13 11:52:03 2013::http://earthengine.google.org/#intro
INFO:root:Mon May 13 11:52:11 2013::https://itunes.apple.com/us/app/google-translate/id414706506?mt=8
INFO:root:Mon May 13 11:52:45 2013::http://www.apple.com/mac/
INFO:root:Mon May 13 11:52:58 2013::http://www.apple.com/magicmouse/
INFO:root:Mon May 13 11:53:20 2013::http://itunes.apple.com/us/genre/mobile-software-applications/id36?mt=8
INFO:root:Mon May 13 11:53:28 2013::https://itunes.apple.com/us/genre/ios-newsstand-crafts-hobbies/id13013?mt=8
INFO:root:Mon May 13 11:53:38 2013::https://itunes.apple.com/us/genre/ios-games-music/id7011?mt=8
INFO:root:Mon May 13 11:53:48 2013::https://itunes.apple.com/us/app/crash-adventure-dark-slender/id632091191?mt=8
INFO:root:Mon May 13 11:54:18 2013::https://itunes.apple.com/us/genre/ios-news/id6009?mt=8
INFO:root:Mon May 13 11:54:36 2013::https://itunes.apple.com/us/genre/movies/id33
INFO:root:Mon May 13 11:54:38 2013::https://itunes.apple.com/us/app/primera-hora/id389571743?mt=8
INFO:root:Mon May 13 11:54:59 2013::http://www.apple.com/legal/internet-services/terms/site.html
INFO:root:Mon May 13 11:55:04 2013::http://www.apple.com/retail/learn/one-to-one/terms.html
INFO:root:Mon May 13 11:55:10 2013::https://itunes.apple.com/us/app/cross-stitch-collection-magazine/id451403225?mt=8
INFO:root:Mon May 13 11:55:44 2013::https://itunes.apple.com/us/app/official-drudge-report-free/id375614185?mt=8
INFO:root:Mon May 13 11:56:08 2013::https://itunes.apple.com/us/app/beadwork-magazine/id485854193?mt=8
INFO:root:Mon May 13 12:33:00 2013::http://googleblog.blogspot.com/
INFO:root:Mon May 13 12:33:16 2013::http://googleblog.blogspot.com/2013/04/google-now-on-your-iphone-and-ipad-with.html
INFO:root:Mon May 13 12:33:18 2013::http://2.bp.blogspot.com/-MuNNqdLE0fI/UYnIGhJrdTI/AAAAAAAAMPU/xZaUP-eS1es/s1600/translate1.png
INFO:root:Mon May 13 12:33:19 2013::http://1.bp.blogspot.com/-tDHwNQDTs4I/UYM17w-Kw0I/AAAAAAAAMMI/cz-EgFLVspE/s1600/1ZHGlADCGIc3ZJhENhRwTkzU_rcbLz8YfDznx.png
INFO:root:Mon May 13 12:33:23 2013::http://earthengine.google.org/#intro/Amazon
INFO:root:Mon May 13 12:33:28 2013::http://www.google.com/intl/en/policies/
INFO:root:Mon May 13 12:33:29 2013::http://earthengine.google.org/#search/tag:srtm
INFO:root:Mon May 13 12:33:33 2013::http://earthengine.google.org/#intro
INFO:root:Mon May 13 12:33:41 2013::https://itunes.apple.com/us/app/google-translate/id414706506?mt=8
ERROR:root:[Errno socket error] [Errno 1] _ssl.c:504: error:140770FC:SSL routines:SSL23_GET_SERVER_HELLO:unknown protocol
ERROR:root:[Errno socket error] [Errno 1] _ssl.c:504: error:140770FC:SSL routines:SSL23_GET_SERVER_HELLO:unknown protocol
INFO:root:Mon May 13 12:39:25 2013::http://googleblog.blogspot.com/
INFO:root:Mon May 13 12:39:32 2013::http://googleblog.blogspot.com/2013/04/google-now-on-your-iphone-and-ipad-with.html
INFO:root:Mon May 13 12:39:34 2013::http://2.bp.blogspot.com/-MuNNqdLE0fI/UYnIGhJrdTI/AAAAAAAAMPU/xZaUP-eS1es/s1600/translate1.png
INFO:root:Mon May 13 12:39:34 2013::http://1.bp.blogspot.com/-tDHwNQDTs4I/UYM17w-Kw0I/AAAAAAAAMMI/cz-EgFLVspE/s1600/1ZHGlADCGIc3ZJhENhRwTkzU_rcbLz8YfDznx.png
INFO:root:Mon May 13 12:39:36 2013::http://earthengine.google.org/#intro/Amazon
INFO:root:Mon May 13 12:39:39 2013::http://www.google.com/intl/en/policies/
INFO:root:Mon May 13 12:39:41 2013::http://earthengine.google.org/#search/tag:srtm
INFO:root:Mon May 13 12:39:43 2013::http://earthengine.google.org/#intro
INFO:root:Mon May 13 12:39:48 2013::https://itunes.apple.com/us/app/google-translate/id414706506?mt=8
ERROR:root:[Errno socket error] [Errno 1] _ssl.c:504: error:140770FC:SSL routines:SSL23_GET_SERVER_HELLO:unknown protocol
ERROR:root:[Errno socket error] [Errno 1] _ssl.c:504: error:140770FC:SSL routines:SSL23_GET_SERVER_HELLO:unknown protocol
INFO:root:Mon May 13 12:51:48 2013::http://randomest.blogspot.com/
INFO:root:Mon May 13 12:51:54 2013::http://randomest.blogspot.com/2006_03_01_archive.html
INFO:root:Mon May 13 12:51:58 2013::http://randomest.blogspot.com/2006_10_01_archive.html
INFO:root:Mon May 13 12:52:05 2013::http://randomest.blogspot.com/2009/05/times-they-are-changin.html
INFO:root:Mon May 13 12:52:08 2013::http://randomest.blogspot.com/2009/12/do-nots.html
INFO:root:Mon May 13 12:52:11 2013::http://randomest.blogspot.com/2008/08/lightning-bolt.html
INFO:root:Mon May 13 12:52:13 2013::http://www.blogger.com/profile/13701086470194539938
INFO:root:Mon May 13 12:52:16 2013::http://randomest.blogspot.com/2006_05_01_archive.html
INFO:root:Mon May 13 12:52:21 2013::http://randomest.blogspot.com/2006/05/dr-mo.html
INFO:root:Mon May 13 12:52:25 2013::http://randomest.blogspot.com/2006/04/come-rain-or-come-shine.html
INFO:root:Mon May 13 12:52:27 2013::http://randomest.blogspot.com/2007/07/sln-leibh.html
INFO:root:Mon May 13 12:52:30 2013::http://bahrainirants.blogspot.com
INFO:root:Mon May 13 12:52:44 2013::http://www.fr7ty.com
INFO:root:Mon May 13 13:11:33 2013::http://www.fr7ty.com/vb/t17380-post163162.html#post163162
INFO:root:Mon May 13 13:12:50 2013::http://www.fr7ty.com/vb/u1778.html
INFO:root:Mon May 13 13:13:31 2013::http://www.fr7ty.com/vb/u14000.html
INFO:root:Mon May 13 13:14:13 2013::http://www.fr7ty.com/vb/u10938.html
INFO:root:Mon May 13 13:14:55 2013::http://lovethesara.blogspot.com
INFO:root:Mon May 13 13:15:40 2013::http://www.fr7ty.com/vb/f10.html
INFO:root:Mon May 13 13:16:51 2013::http://www.fr7ty.com/vb/tags-%E6%CA%C3%CE%D1.html
INFO:root:Mon May 13 13:17:29 2013::http://randomest.blogspot.com/2005/11/absolute-pain.html
INFO:root:Mon May 13 13:17:39 2013::http://www.fr7ty.com/vb/u17255.html
INFO:root:Mon May 13 13:18:21 2013::http://randomest.blogspot.com/2005/08/veni-vidi-vici.html
INFO:root:Mon May 13 13:18:28 2013::http://www.fr7ty.com/vb/t36644-post162720.html#post162720
INFO:root:Mon May 13 13:19:17 2013::http://www.blogger.com/email-post.g?blogID=7265548&postID=8249915857902678537
ERROR:root:[Errno socket error] [Errno 1] _ssl.c:504: error:140770FC:SSL routines:SSL23_GET_SERVER_HELLO:unknown protocol
INFO:root:Mon May 13 13:19:24 2013::http://www.fr7ty.com/vb/u2665.html
INFO:root:Mon May 13 13:20:11 2013::http://www.fr7ty.com/vb/u21572.html
INFO:root:Mon May 13 13:20:58 2013::http://www.fr7ty.com/vb/f38.html
INFO:root:Mon May 13 13:22:29 2013::http://randomest.blogspot.com/2005/05/noisy-neighbours.html
INFO:root:Mon May 13 13:22:40 2013::http://www.fr7ty.com/vb/t35237-post162760.html#post162760
INFO:root:Mon May 13 13:25:22 2013::http://www.fr7ty.com/vb/u6368.html
INFO:root:Mon May 13 13:26:03 2013::http://www.fr7ty.com/vb/u10632.html
INFO:root:Mon May 13 13:26:54 2013::http://www.fr7ty.com/vb/t31796.html
INFO:root:Mon May 13 13:29:06 2013::http://www.fr7ty.com/vb/t36742.html
INFO:root:Mon May 13 13:30:09 2013::http://www.blogger.com/post-edit.g?blogID=33286760&postID=6626814918573243751&from=pencil
ERROR:root:[Errno socket error] [Errno 1] _ssl.c:504: error:140770FC:SSL routines:SSL23_GET_SERVER_HELLO:unknown protocol
ERROR:root:[Errno socket error] [Errno 1] _ssl.c:504: error:140770FC:SSL routines:SSL23_GET_SERVER_HELLO:unknown protocol
ERROR:root:[Errno socket error] [Errno 1] _ssl.c:504: error:140770FC:SSL routines:SSL23_GET_SERVER_HELLO:unknown protocol
ERROR:root:[Errno socket error] [Errno 1] _ssl.c:504: error:140770FC:SSL routines:SSL23_GET_SERVER_HELLO:unknown protocol
ERROR:root:[Errno socket error] [Errno 1] _ssl.c:504: error:140770FC:SSL routines:SSL23_GET_SERVER_HELLO:unknown protocol
ERROR:root:[Errno socket error] [Errno 1] _ssl.c:504: error:140770FC:SSL routines:SSL23_GET_SERVER_HELLO:unknown protocol
ERROR:root:[Errno socket error] [Errno 1] _ssl.c:504: error:140770FC:SSL routines:SSL23_GET_SERVER_HELLO:unknown protocol
ERROR:root:[Errno socket error] [Errno 1] _ssl.c:504: error:140770FC:SSL routines:SSL23_GET_SERVER_HELLO:unknown protocol
ERROR:root:[Errno socket error] [Errno 1] _ssl.c:504: error:140770FC:SSL routines:SSL23_GET_SERVER_HELLO:unknown protocol
ERROR:root:[Errno socket error] [Errno 1] _ssl.c:504: error:140770FC:SSL routines:SSL23_GET_SERVER_HELLO:unknown protocol
ERROR:root:[Errno socket error] [Errno 1] _ssl.c:504: error:140770FC:SSL routines:SSL23_GET_SERVER_HELLO:unknown protocol
ERROR:root:[Errno socket error] [Errno 1] _ssl.c:504: error:140770FC:SSL routines:SSL23_GET_SERVER_HELLO:unknown protocol
ERROR:root:[Errno socket error] [Errno 1] _ssl.c:504: error:140770FC:SSL routines:SSL23_GET_SERVER_HELLO:unknown protocol
ERROR:root:[Errno socket error] [Errno 1] _ssl.c:504: error:140770FC:SSL routines:SSL23_GET_SERVER_HELLO:unknown protocol
ERROR:root:[Errno socket error] [Errno 1] _ssl.c:504: error:140770FC:SSL routines:SSL23_GET_SERVER_HELLO:unknown protocol
ERROR:root:[Errno socket error] [Errno 1] _ssl.c:504: error:140770FC:SSL routines:SSL23_GET_SERVER_HELLO:unknown protocol
ERROR:root:[Errno socket error] [Errno 1] _ssl.c:504: error:140770FC:SSL routines:SSL23_GET_SERVER_HELLO:unknown protocol
ERROR:root:[Errno socket error] [Errno 1] _ssl.c:504: error:140770FC:SSL routines:SSL23_GET_SERVER_HELLO:unknown protocol
ERROR:root:[Errno socket error] [Errno 1] _ssl.c:504: error:140770FC:SSL routines:SSL23_GET_SERVER_HELLO:unknown protocol
INFO:root:Mon May 13 13:30:19 2013::http://www.fr7ty.com/vb/u17734.html
INFO:root:Mon May 13 13:31:05 2013::http://www.fr7ty.com/vb/u1757.html
INFO:root:Mon May 13 13:31:44 2013::http://www.fr7ty.com/vb/u19968.html
INFO:root:Mon May 13 13:32:33 2013::http://www.fr7ty.com/vb/t36713.html#post162902
INFO:root:Mon May 13 13:33:59 2013::http://www.blogger.com/go/terms
INFO:root:Mon May 13 13:34:05 2013::http://www.fr7ty.com/vb/u1772.html
INFO:root:Mon May 13 13:34:50 2013::http://www.fr7ty.com/vb/f29.html
ERROR:root:[Errno socket error] [Errno 11004] getaddrinfo failed
ERROR:root:[Errno socket error] [Errno 11004] getaddrinfo failed
ERROR:root:[Errno socket error] [Errno 11004] getaddrinfo failed
ERROR:root:[Errno socket error] [Errno 11004] getaddrinfo failed
ERROR:root:[Errno socket error] [Errno 11004] getaddrinfo failed
ERROR:root:[Errno socket error] [Errno 11004] getaddrinfo failed
ERROR:root:[Errno socket error] [Errno 11004] getaddrinfo failed
ERROR:root:[Errno socket error] [Errno 11004] getaddrinfo failed
ERROR:root:[Errno socket error] [Errno 11004] getaddrinfo failed
ERROR:root:[Errno socket error] [Errno 11004] getaddrinfo failed
ERROR:root:[Errno socket error] [Errno 11004] getaddrinfo failed
ERROR:root:[Errno socket error] [Errno 11004] getaddrinfo failed
ERROR:root:[Errno socket error] [Errno 11004] getaddrinfo failed
ERROR:root:[Errno socket error] [Errno 11004] getaddrinfo failed
ERROR:root:[Errno socket error] [Errno 11004] getaddrinfo failed
ERROR:root:[Errno socket error] [Errno 11004] getaddrinfo failed
ERROR:root:[Errno socket error] [Errno 11004] getaddrinfo failed
ERROR:root:[Errno socket error] [Errno 11004] getaddrinfo failed
ERROR:root:[Errno socket error] [Errno 11004] getaddrinfo failed
ERROR:root:[Errno socket error] [Errno 11004] getaddrinfo failed
ERROR:root:[Errno socket error] [Errno 11004] getaddrinfo failed
ERROR:root:[Errno socket error] [Errno 11004] getaddrinfo failed
ERROR:root:[Errno socket error] [Errno 11004] getaddrinfo failed
ERROR:root:[Errno socket error] [Errno 11004] getaddrinfo failed
ERROR:root:[Errno socket error] [Errno 11004] getaddrinfo failed
ERROR:root:[Errno socket error] [Errno 11004] getaddrinfo failed
ERROR:root:[Errno socket error] [Errno 11004] getaddrinfo failed
ERROR:root:[Errno socket error] [Errno 11004] getaddrinfo failed
ERROR:root:[Errno socket error] [Errno 11004] getaddrinfo failed
ERROR:root:[Errno socket error] [Errno 11004] getaddrinfo failed
ERROR:root:[Errno socket error] [Errno 11004] getaddrinfo failed
ERROR:root:[Errno socket error] [Errno 11004] getaddrinfo failed
ERROR:root:[Errno socket error] [Errno 11004] getaddrinfo failed
ERROR:root:[Errno socket error] [Errno 11004] getaddrinfo failed
ERROR:root:[Errno socket error] [Errno 11004] getaddrinfo failed
ERROR:root:[Errno socket error] [Errno 11004] getaddrinfo failed
ERROR:root:[Errno socket error] [Errno 11004] getaddrinfo failed
ERROR:root:[Errno socket error] [Errno 11004] getaddrinfo failed
ERROR:root:[Errno socket error] [Errno 11004] getaddrinfo failed
ERROR:root:[Errno socket error] [Errno 11004] getaddrinfo failed
ERROR:root:[Errno socket error] [Errno 11004] getaddrinfo failed
ERROR:root:[Errno socket error] [Errno 11004] getaddrinfo failed
ERROR:root:[Errno socket error] [Errno 11004] getaddrinfo failed
ERROR:root:[Errno socket error] [Errno 11004] getaddrinfo failed
ERROR:root:[Errno socket error] [Errno 11004] getaddrinfo failed
ERROR:root:[Errno socket error] [Errno 11004] getaddrinfo failed
ERROR:root:[Errno socket error] [Errno 11004] getaddrinfo failed
ERROR:root:[Errno socket error] [Errno 11004] getaddrinfo failed
ERROR:root:[Errno socket error] [Errno 11004] getaddrinfo failed
ERROR:root:[Errno socket error] [Errno 11004] getaddrinfo failed
ERROR:root:[Errno socket error] [Errno 11004] getaddrinfo failed
ERROR:root:[Errno socket error] [Errno 11004] getaddrinfo failed
ERROR:root:[Errno socket error] [Errno 11004] getaddrinfo failed
ERROR:root:[Errno socket error] [Errno 11004] getaddrinfo failed
INFO:root:Mon May 13 14:28:03 2013::http://www.fr7ty.com/vb/t33673.html
INFO:root:Mon May 13 14:30:52 2013::http://randomest.blogspot.com/2005/05/announcement.html
INFO:root:Mon May 13 14:30:58 2013::http://www.fr7ty.com/vb/162668-post22.html
INFO:root:Mon May 13 14:31:21 2013::http://www.fr7ty.com/vb/f38.html?daysprune=-1&amp;order=desc&amp;sort=views
INFO:root:Mon May 13 14:33:12 2013::http://www.blogger.com/email-post.g?blogID=7265548&postID=4767048230017836213
ERROR:root:[Errno socket error] [Errno 1] _ssl.c:504: error:140770FC:SSL routines:SSL23_GET_SERVER_HELLO:unknown protocol
INFO:root:Mon May 13 14:33:25 2013::http://www.fr7ty.com/vb/t36764-new-post.html
INFO:root:Mon May 13 14:34:41 2013::http://www.fr7ty.com/vb/t35179.html#post159761
INFO:root:Mon May 13 14:36:08 2013::http://www.fr7ty.com/vb/u13487.html
INFO:root:Mon May 13 14:37:12 2013::http://www.fr7ty.com/vb/t36616.html#post162654
INFO:root:Mon May 13 14:38:42 2013::http://www.fr7ty.com/vb/search.php?f=57
INFO:root:Mon May 13 14:39:23 2013::http://www.fr7ty.com/vb/u16839.html
INFO:root:Mon May 13 14:40:20 2013::http://www.fr7ty.com/vb/t32753.html
INFO:root:Mon May 13 14:42:37 2013::http://www.fr7ty.com/vb/t12716.html
INFO:root:Mon May 13 14:47:08 2013::http://www.fr7ty.com/vb/tags-%C7%E1%C3%E6%E1%29.html
INFO:root:Mon May 13 14:47:43 2013::http://www.fr7ty.com/vb/tags-%C7%E1%C5%CC%E5%C7%D6%28.html
INFO:root:Mon May 13 14:48:16 2013::http://soho-chick.blogspot.com/
INFO:root:Mon May 13 14:48:33 2013::http://www.fr7ty.com/vb/t35543.html
INFO:root:Mon May 13 14:49:35 2013::http://www.fr7ty.com/vb/tags-%E3%CC%E1%C9%20%D3%ED%CF%CA%ED%A1.html
INFO:root:Mon May 13 14:50:09 2013::http://www.lovethesara.blogspot.com/
INFO:root:Mon May 13 14:50:26 2013::http://www.fr7ty.com/vb/tags-%DF%D1%ED%D3%CA%E6%D3.html
INFO:root:Mon May 13 14:51:13 2013::http://www.fr7ty.com/vb/private.php?do=newpm&amp;u=8126
INFO:root:Mon May 13 14:52:04 2013::http://www.fr7ty.com/vb/t36623.html#post162725
INFO:root:Mon May 13 14:53:12 2013::http://www.fr7ty.com/vb/f87.html
INFO:root:Mon May 13 14:54:12 2013::http://www.fr7ty.com/vb/search.php?f=87
INFO:root:Mon May 13 14:55:01 2013::http://www.fr7ty.com/vb/t36790-post163240.html#post163240
INFO:root:Mon May 13 14:55:55 2013::http://www.fr7ty.com/vb/156069-post6.html
INFO:root:Mon May 13 14:56:14 2013::http://www.fr7ty.com/vb/t13653-30.html
INFO:root:Mon May 13 14:57:19 2013::http://www.mahmood.tv
INFO:root:Mon May 13 15:01:09 2013::http://www.prettyfashionforward.com
INFO:root:Mon May 13 15:01:51 2013::http://www.fr7ty.com/vb/t20064-post160047.html#post160047
INFO:root:Mon May 13 15:03:33 2013::http://www.fr7ty.com/vb/private.php?do=newpm&amp;u=18578
INFO:root:Mon May 13 15:04:10 2013::http://www.fr7ty.com/vb/search.php?searchthreadid=35543
INFO:root:Mon May 13 15:05:03 2013::http://mahmood.tv/tag/twitbthifd/
INFO:root:Mon May 13 15:08:05 2013::http://mahmood.tv/about/in-the-news/pledge-to-fight-sectarianism/
INFO:root:Mon May 13 15:10:01 2013::http://www.crezeman.com/vb/t221309.html
INFO:root:Mon May 13 15:11:19 2013::http://www.prettyfashionforward.com/search/label/huggies%20journey
INFO:root:Mon May 13 15:11:44 2013::http://www.way2allah.com/khotab-item-38224.htm
INFO:root:Mon May 13 15:14:41 2013::http://www.blogger.com/profile/04302154484950586503
INFO:root:Mon May 13 15:14:48 2013::http://www.crezeman.com/vb/sitemap/f-91-p-6.html
INFO:root:Mon May 13 15:14:54 2013::http://www.prettyfashionforward.com/search/label/Nile%20Rogers
INFO:root:Mon May 13 15:15:24 2013::http://www.fr7ty.com/vb/u10702.html
INFO:root:Mon May 13 15:16:05 2013::http://www.crezeman.com/vb/sitemap/f-49-p-18.html
INFO:root:Mon May 13 15:16:11 2013::http://www.crezeman.com/vb/sitemap/f-80-p-6.html
INFO:root:Mon May 13 15:16:24 2013::http://4.bp.blogspot.com/-WoixTKzOZzw/UX6Qs1M0tDI/AAAAAAAAGG8/2sDDhXLz6nU/s1600/photo+(2).JPG
INFO:root:Mon May 13 15:16:25 2013::http://randomest.blogspot.com/2007/04/quickfire-3-elevator-politics.html
INFO:root:Mon May 13 15:57:26 2013::http://randomest.blogspot.com/
INFO:root:Mon May 13 15:57:31 2013::http://randomest.blogspot.com/2006_03_01_archive.html
INFO:root:Mon May 13 15:57:36 2013::http://randomest.blogspot.com/2006_10_01_archive.html
INFO:root:Mon May 13 15:57:42 2013::http://randomest.blogspot.com/2009/05/times-they-are-changin.html
INFO:root:Mon May 13 15:57:50 2013::http://randomest.blogspot.com/2009/12/do-nots.html
INFO:root:Mon May 13 15:58:00 2013::http://randomest.blogspot.com/2008/08/lightning-bolt.html
INFO:root:Mon May 13 15:58:02 2013::http://www.blogger.com/profile/13701086470194539938
INFO:root:Mon May 13 15:58:05 2013::http://randomest.blogspot.com/2006_05_01_archive.html
INFO:root:Mon May 13 15:58:07 2013::http://randomest.blogspot.com/2006/05/dr-mo.html
INFO:root:Mon May 13 15:58:12 2013::http://randomest.blogspot.com/2006/04/come-rain-or-come-shine.html
INFO:root:Mon May 13 15:58:15 2013::http://randomest.blogspot.com/2007/07/sln-leibh.html
INFO:root:Mon May 13 15:58:21 2013::http://bahrainirants.blogspot.com
INFO:root:Mon May 13 15:58:54 2013::http://www.fr7ty.com
INFO:root:Mon May 13 16:00:33 2013::http://randomest.blogspot.com/
INFO:root:Mon May 13 16:00:37 2013::http://randomest.blogspot.com/2006_03_01_archive.html
INFO:root:Mon May 13 16:00:40 2013::http://randomest.blogspot.com/2006_10_01_archive.html
INFO:root:Mon May 13 16:00:44 2013::http://randomest.blogspot.com/2009/05/times-they-are-changin.html
INFO:root:Mon May 13 16:01:21 2013::http://randomest.blogspot.com/
INFO:root:Mon May 13 16:01:23 2013::http://randomest.blogspot.com/2006_03_01_archive.html
INFO:root:Mon May 13 16:01:25 2013::http://randomest.blogspot.com/2006_10_01_archive.html
INFO:root:Mon May 13 16:01:29 2013::http://randomest.blogspot.com/2009/05/times-they-are-changin.html
INFO:root:Mon May 13 16:01:32 2013::http://www.blogger.com/profile/13701086470194539938
INFO:root:Mon May 13 16:01:34 2013::http://bahrainirants.blogspot.com
INFO:root:Mon May 13 16:01:54 2013::http://www.fr7ty.com
INFO:root:Tue May 14 15:00:21 2013::http://shahani-w.blogspot.com/
INFO:root:Tue May 14 15:00:30 2013::http://www.blogger.com/post-edit.g?blogID=8962408196508320634&postID=3867528131131751851&from=pencil
INFO:root:Tue May 14 15:00:32 2013::http://www.blogger.com/email-post.g?blogID=8962408196508320634&postID=3867528131131751851
INFO:root:Tue May 14 15:00:44 2013::http://www.dailymirror.lk/index.php/news/2589-akon-rejected-lankan-visa.html
INFO:root:Tue May 14 15:01:20 2013::http://shahani-w.blogspot.com/
INFO:root:Tue May 14 15:01:32 2013::http://www.blogger.com/post-edit.g?blogID=8962408196508320634&postID=3867528131131751851&from=pencil
ERROR:root:Tue May 14 15:01:32 2013::[Errno socket error] [Errno 1] _ssl.c:504: error:140770FC:SSL routines:SSL23_GET_SERVER_HELLO:unknown protocol
ERROR:root:Tue May 14 15:01:32 2013::[Errno socket error] [Errno 1] _ssl.c:504: error:140770FC:SSL routines:SSL23_GET_SERVER_HELLO:unknown protocol
ERROR:root:Tue May 14 15:01:32 2013::[Errno socket error] [Errno 1] _ssl.c:504: error:140770FC:SSL routines:SSL23_GET_SERVER_HELLO:unknown protocol
ERROR:root:Tue May 14 15:01:32 2013::[Errno socket error] [Errno 1] _ssl.c:504: error:140770FC:SSL routines:SSL23_GET_SERVER_HELLO:unknown protocol
ERROR:root:Tue May 14 15:01:32 2013::[Errno socket error] [Errno 1] _ssl.c:504: error:140770FC:SSL routines:SSL23_GET_SERVER_HELLO:unknown protocol
ERROR:root:Tue May 14 15:01:32 2013::[Errno socket error] [Errno 1] _ssl.c:504: error:140770FC:SSL routines:SSL23_GET_SERVER_HELLO:unknown protocol
ERROR:root:Tue May 14 15:01:32 2013::[Errno socket error] [Errno 1] _ssl.c:504: error:140770FC:SSL routines:SSL23_GET_SERVER_HELLO:unknown protocol
ERROR:root:Tue May 14 15:01:32 2013::[Errno socket error] [Errno 1] _ssl.c:504: error:140770FC:SSL routines:SSL23_GET_SERVER_HELLO:unknown protocol
ERROR:root:Tue May 14 15:01:32 2013::[Errno socket error] [Errno 1] _ssl.c:504: error:140770FC:SSL routines:SSL23_GET_SERVER_HELLO:unknown protocol
ERROR:root:Tue May 14 15:01:32 2013::[Errno socket error] [Errno 1] _ssl.c:504: error:140770FC:SSL routines:SSL23_GET_SERVER_HELLO:unknown protocol
ERROR:root:Tue May 14 15:01:32 2013::[Errno socket error] [Errno 1] _ssl.c:504: error:140770FC:SSL routines:SSL23_GET_SERVER_HELLO:unknown protocol
ERROR:root:Tue May 14 15:01:32 2013::[Errno socket error] [Errno 1] _ssl.c:504: error:140770FC:SSL routines:SSL23_GET_SERVER_HELLO:unknown protocol
ERROR:root:Tue May 14 15:01:32 2013::[Errno socket error] [Errno 1] _ssl.c:504: error:140770FC:SSL routines:SSL23_GET_SERVER_HELLO:unknown protocol
ERROR:root:Tue May 14 15:01:32 2013::[Errno socket error] [Errno 1] _ssl.c:504: error:140770FC:SSL routines:SSL23_GET_SERVER_HELLO:unknown protocol
ERROR:root:Tue May 14 15:01:32 2013::[Errno socket error] [Errno 1] _ssl.c:504: error:140770FC:SSL routines:SSL23_GET_SERVER_HELLO:unknown protocol
ERROR:root:Tue May 14 15:01:32 2013::[Errno socket error] [Errno 1] _ssl.c:504: error:140770FC:SSL routines:SSL23_GET_SERVER_HELLO:unknown protocol
ERROR:root:Tue May 14 15:01:32 2013::[Errno socket error] [Errno 1] _ssl.c:504: error:140770FC:SSL routines:SSL23_GET_SERVER_HELLO:unknown protocol
ERROR:root:Tue May 14 15:01:32 2013::[Errno socket error] [Errno 1] _ssl.c:504: error:140770FC:SSL routines:SSL23_GET_SERVER_HELLO:unknown protocol
ERROR:root:Tue May 14 15:01:32 2013::[Errno socket error] [Errno 1] _ssl.c:504: error:140770FC:SSL routines:SSL23_GET_SERVER_HELLO:unknown protocol
INFO:root:Tue May 14 15:01:40 2013::http://www.blogger.com/email-post.g?blogID=8962408196508320634&postID=3867528131131751851
ERROR:root:Tue May 14 15:01:40 2013::[Errno socket error] [Errno 1] _ssl.c:504: error:140770FC:SSL routines:SSL23_GET_SERVER_HELLO:unknown protocol
INFO:root:Tue May 14 15:01:48 2013::http://www.dailymirror.lk/index.php/news/2589-akon-rejected-lankan-visa.html
ERROR:root:Tue May 14 15:01:48 2013::[Errno socket error] [Errno 1] _ssl.c:504: error:140770FC:SSL routines:SSL23_GET_SERVER_HELLO:unknown protocol
INFO:root:Tue May 14 15:02:50 2013::http://www.dailymirror.lk/caption-story/29382-fallen-tree-caused-road-block.html
ERROR:root:Tue May 14 15:02:50 2013::[Errno socket error] [Errno 1] _ssl.c:504: error:140770FC:SSL routines:SSL23_GET_SERVER_HELLO:unknown protocol
INFO:root:Tue May 14 15:03:39 2013::http://www.dailymirror.lk/business/mirror-stock-watch.html
ERROR:root:Tue May 14 15:03:39 2013::[Errno socket error] [Errno 1] _ssl.c:504: error:140770FC:SSL routines:SSL23_GET_SERVER_HELLO:unknown protocol
INFO:root:Tue May 14 15:04:22 2013::http://www.dailymirror.lk/business/mirror-stock-watch/28538-mirror-stock-watch-24-04-2013.html#addcomments
ERROR:root:Tue May 14 15:04:22 2013::[Errno socket error] [Errno 1] _ssl.c:504: error:140770FC:SSL routines:SSL23_GET_SERVER_HELLO:unknown protocol
INFO:root:Tue May 14 15:04:59 2013::http://hitv.dailymirror.lk/
ERROR:root:Tue May 14 15:04:59 2013::'src'
INFO:root:Tue May 14 15:05:07 2013::http://www.bbc.co.uk/news/world-asia-21494959
INFO:root:Tue May 14 15:06:51 2013::http://life.dailymirror.lk/fashion.html
INFO:root:Tue May 14 15:13:31 2013::http://life.dailymirror.lk/article/4978/movie-review-luv
INFO:root:Tue May 14 15:15:03 2013::http://www.bbc.co.uk/privacy/cookies/managing/cookie-settings.html
INFO:root:Tue May 14 15:15:33 2013::http://sports.dailymirror.lk/football/
ERROR:root:Tue May 14 15:15:33 2013::[Errno socket error] [Errno 1] _ssl.c:504: error:140770FC:SSL routines:SSL23_GET_SERVER_HELLO:unknown protocol
ERROR:root:Tue May 14 15:15:33 2013::[Errno socket error] [Errno 1] _ssl.c:504: error:140770FC:SSL routines:SSL23_GET_SERVER_HELLO:unknown protocol
INFO:root:Tue May 14 15:16:27 2013::http://www.bbc.co.uk/news/10621655
INFO:root:Tue May 14 15:18:04 2013::http://life.dailymirror.lk/article/5024/rohitha
INFO:root:Tue May 14 15:20:43 2013::http://www.getmapping.com
INFO:root:Tue May 14 15:25:45 2013::http://life.dailymirror.lk/health.html
INFO:root:Tue May 14 15:32:10 2013::http://www.bbc.co.uk/sport/
INFO:root:Tue May 14 15:36:35 2013::http://dbsjeyaraj.com/dbsj/archives/16644
INFO:root:Tue May 14 15:37:25 2013::http://dbsjeyaraj.com/dbsj/archives/date/2013/05/03
INFO:root:Tue May 14 15:37:58 2013::http://dbsjeyaraj.com/dbsj/archives/date/2013/05/10
INFO:root:Tue May 14 15:38:34 2013::http://news-briefs.ew.com/2010/03/23/akon-sri-lanka/
INFO:root:Tue May 14 15:41:47 2013::http://twitter.com/DMbreakingnews
ERROR:root:Tue May 14 15:41:47 2013::'src'
INFO:root:Tue May 14 15:42:12 2013::http://dbsjeyaraj.com/dbsj/wp-content/uploads/2013/02/HS021713.jpg
INFO:root:Tue May 14 15:42:30 2013::http://sports.dailymirror.lk/provincial/
ERROR:root:Tue May 14 15:42:30 2013::[Errno socket error] [Errno 1] _ssl.c:504: error:140770FC:SSL routines:SSL23_GET_SERVER_HELLO:unknown protocol
ERROR:root:Tue May 14 15:42:30 2013::[Errno socket error] [Errno 1] _ssl.c:504: error:140770FC:SSL routines:SSL23_GET_SERVER_HELLO:unknown protocol
INFO:root:Tue May 14 15:43:30 2013::http://www.ew.com/ew/package/0,,20647938,00.html
INFO:root:Tue May 14 15:46:21 2013::http://www.ew.com/ew/article/0,,20483133_20687823,00.html
INFO:root:Tue May 14 15:48:26 2013::http://www.sundaytimes.lk/
INFO:root:Tue May 14 15:54:43 2013::http://www.blogger.com/
ERROR:root:Tue May 14 15:54:43 2013::[Errno socket error] [Errno 1] _ssl.c:504: error:140770FC:SSL routines:SSL23_GET_SERVER_HELLO:unknown protocol
ERROR:root:Tue May 14 15:54:43 2013::[Errno socket error] [Errno 1] _ssl.c:504: error:140770FC:SSL routines:SSL23_GET_SERVER_HELLO:unknown protocol
ERROR:root:Tue May 14 15:54:43 2013::[Errno socket error] [Errno 1] _ssl.c:504: error:140770FC:SSL routines:SSL23_GET_SERVER_HELLO:unknown protocol
ERROR:root:Tue May 14 15:54:43 2013::[Errno socket error] [Errno 1] _ssl.c:504: error:140770FC:SSL routines:SSL23_GET_SERVER_HELLO:unknown protocol
ERROR:root:Tue May 14 15:54:43 2013::[Errno socket error] [Errno 1] _ssl.c:504: error:140770FC:SSL routines:SSL23_GET_SERVER_HELLO:unknown protocol
ERROR:root:Tue May 14 15:54:43 2013::[Errno socket error] [Errno 1] _ssl.c:504: error:140770FC:SSL routines:SSL23_GET_SERVER_HELLO:unknown protocol
ERROR:root:Tue May 14 15:54:43 2013::[Errno socket error] [Errno 1] _ssl.c:504: error:140770FC:SSL routines:SSL23_GET_SERVER_HELLO:unknown protocol
ERROR:root:Tue May 14 15:54:43 2013::[Errno socket error] [Errno 1] _ssl.c:504: error:140770FC:SSL routines:SSL23_GET_SERVER_HELLO:unknown protocol
ERROR:root:Tue May 14 15:54:43 2013::[Errno socket error] [Errno 1] _ssl.c:504: error:140770FC:SSL routines:SSL23_GET_SERVER_HELLO:unknown protocol
ERROR:root:Tue May 14 15:54:43 2013::[Errno socket error] [Errno 1] _ssl.c:504: error:140770FC:SSL routines:SSL23_GET_SERVER_HELLO:unknown protocol
ERROR:root:Tue May 14 15:54:43 2013::[Errno socket error] [Errno 1] _ssl.c:504: error:140770FC:SSL routines:SSL23_GET_SERVER_HELLO:unknown protocol
ERROR:root:Tue May 14 15:54:43 2013::[Errno socket error] [Errno 1] _ssl.c:504: error:140770FC:SSL routines:SSL23_GET_SERVER_HELLO:unknown protocol
ERROR:root:Tue May 14 15:54:43 2013::[Errno socket error] [Errno 1] _ssl.c:504: error:140770FC:SSL routines:SSL23_GET_SERVER_HELLO:unknown protocol
ERROR:root:Tue May 14 15:54:43 2013::[Errno socket error] [Errno 1] _ssl.c:504: error:140770FC:SSL routines:SSL23_GET_SERVER_HELLO:unknown protocol
ERROR:root:Tue May 14 15:54:43 2013::[Errno socket error] [Errno 1] _ssl.c:504: error:140770FC:SSL routines:SSL23_GET_SERVER_HELLO:unknown protocol
ERROR:root:Tue May 14 15:54:43 2013::[Errno socket error] [Errno 1] _ssl.c:504: error:140770FC:SSL routines:SSL23_GET_SERVER_HELLO:unknown protocol
ERROR:root:Tue May 14 15:54:43 2013::[Errno socket error] [Errno 1] _ssl.c:504: error:140770FC:SSL routines:SSL23_GET_SERVER_HELLO:unknown protocol
ERROR:root:Tue May 14 15:54:43 2013::[Errno socket error] [Errno 1] _ssl.c:504: error:140770FC:SSL routines:SSL23_GET_SERVER_HELLO:unknown protocol
ERROR:root:Tue May 14 15:54:43 2013::[Errno socket error] [Errno 1] _ssl.c:504: error:140770FC:SSL routines:SSL23_GET_SERVER_HELLO:unknown protocol
INFO:root:Tue May 14 15:54:55 2013::http://www.ew.com/ew/article/0,,20483133_20687788,00.html
INFO:root:Tue May 14 15:57:01 2013::http://www.sundaytimes.lk/business-videos.html
INFO:root:Tue May 14 16:02:32 2013::http://www.blogger.com/profile/14707436494834578778
INFO:root:Tue May 14 16:02:41 2013::http://www.ew.com/ew/gallery/0,,20609141_20595205,00.html
INFO:root:Tue May 14 16:03:47 2013::http://www.mirror.lk/news/5366-bodu-bala-sena-gives-ultimatum-to-ban-halal-certification
ERROR:root:Tue May 14 16:03:47 2013::[Errno socket error] [Errno 1] _ssl.c:504: error:140770FC:SSL routines:SSL23_GET_SERVER_HELLO:unknown protocol
INFO:root:Tue May 14 16:05:20 2013::http://www.sundaytimes.lk/business-videos/33012-virgin-galactic-spaceship-makes-successful-test-flight.pdf
INFO:root:Tue May 14 16:06:34 2013::http://www.facebook.com/life.lk
INFO:root:Tue May 14 16:07:37 2013::http://www.facebook.com/l.php?u=http%3A%2F%2Flife.dailymirror.lk%2Farticle%2F5029%2Ftsing-tao-here-to-delight&amp;h=kAQFLQbqo&amp;s=1
INFO:root:Tue May 14 16:07:44 2013::http://www.mirror.lk/component/mailto/?tmpl=component&amp;template=youedition&amp;link=08270093b97258426d24898005fdfa7fa744e67f
ERROR:root:Tue May 14 16:07:44 2013::[Errno socket error] [Errno 1] _ssl.c:504: error:140770FC:SSL routines:SSL23_GET_SERVER_HELLO:unknown protocol
INFO:root:Tue May 14 16:08:10 2013::http://www.sundaytimes.lk/business-videos/33229-the-life-and-career-of-indias-richest-man.html?tmpl=component&amp;print=1&amp;layout=default&amp;page=
INFO:root:Tue May 14 16:08:31 2013::http://www.facebook.com/l.php?u=http%3A%2F%2Flife.dailymirror.lk%2Farticle%2F5068%2Fbaby-banter&amp;h=YAQFqe1mj&amp;s=1
INFO:root:Tue May 14 16:08:57 2013::http://www.getmapping.com/Support/Returns-Policy
INFO:root:Sun May 19 17:21:56 2013::http://www.w3.org/
INFO:root:Sun May 19 17:25:29 2013::http://www.w3.org/
INFO:root:Sun May 19 17:31:48 2013::http://www.w3.org/
INFO:root:Sun May 19 17:32:13 2013::http://twitter.com/W3C
ERROR:root:Sun May 19 17:32:13 2013::'src'
INFO:root:Sun May 19 17:32:20 2013::http://www.w3.org/International/
INFO:root:Sun May 19 17:32:52 2013::http://www.w3.org/blog/International/category/test/
INFO:root:Sun May 19 17:33:12 2013::http://www.w3.org/International/about#mail
INFO:root:Sun May 19 17:33:17 2013::http://www.w3.org/blog/International/2004/11/
INFO:root:Sun May 19 17:33:37 2013::http://www.w3.org/Consortium/Legal/ipr-notice#W3C_Trademarks
INFO:root:Sun May 19 17:33:56 2013::http://www.w3.org/community/groups/
INFO:root:Sun May 19 17:39:19 2013::http://www.w3.org/
INFO:root:Sun May 19 17:39:43 2013::http://twitter.com/W3C
ERROR:root:Sun May 19 17:39:43 2013::'src'
INFO:root:Sun May 19 17:39:51 2013::http://www.w3.org/International/
INFO:root:Sun May 19 17:40:23 2013::http://www.w3.org/blog/International/category/test/
INFO:root:Sun May 19 17:40:44 2013::http://www.w3.org/International/about#mail
INFO:root:Sun May 19 17:40:50 2013::http://www.fao.org/
INFO:root:Sun May 19 17:41:25 2013::http://www.fao.org/investment/en/
INFO:root:Sun May 19 17:49:15 2013::http://www.happiness-project.com/happiness_project/2010/10/read-something-for-fun/
INFO:root:Sun May 19 17:49:57 2013::http://www.happiness-project.com/books/happier-at-home/buy-the-book/
INFO:root:Sun May 19 17:50:42 2013::http://www.happiness-project.com/get-started/get-started
INFO:root:Sun May 19 17:51:26 2013::http://www.happiness-project.com/happiness_project/2010/09/owning-up-to-our-choices-ultimately-makes-us-happier-if-we-dont-like-our-choices-we-can-change-them/
INFO:root:Sun May 19 17:52:05 2013::http://www.amazon.com/gp/product/1146468792?ie=UTF8&#038;tag=thehappproj-20&#038;linkCode=as2&#038;camp=1789&#038;creative=390957&#038;creativeASIN=1146468792
INFO:root:Sun May 19 17:52:35 2013::http://www.amazon.com/gp/help/customer/display.html?ie=UTF8&nodeId=468496
INFO:root:Sun May 19 17:52:47 2013::http://www.amazon.com/gp/dmusic/marketing/CloudPlayerLaunchPage
INFO:root:Sun May 19 17:52:55 2013::http://www.amazon.com/gp/gift-central
INFO:root:Sun May 19 18:42:37 2013::http://shahani-w.blogspot.com/
INFO:root:Sun May 19 18:43:05 2013::http://www.blogger.com/post-edit.g?blogID=8962408196508320634&postID=3867528131131751851&from=pencil
INFO:root:Sun May 19 18:43:29 2013::http://www.blogger.com/email-post.g?blogID=8962408196508320634&postID=3867528131131751851
INFO:root:Sun May 19 18:43:39 2013::http://www.dailymirror.lk/index.php/news/2589-akon-rejected-lankan-visa.html
INFO:root:Sun May 19 18:44:22 2013::http://www.dailymirror.lk/business/mirror-stock-watch.html
INFO:root:Sun May 19 18:47:29 2013::http://www.bbc.co.uk/news/world-asia-21494959
INFO:root:Sun May 19 18:50:10 2013::http://life.dailymirror.lk/fashion.html
INFO:root:Mon May 20 12:20:57 2013::http://tech.fortune.cnn.com/tag/tim-cook/
INFO:root:Mon May 20 12:29:02 2013::http://tech.fortune.cnn.com/tag/tim-cook/
INFO:root:Mon May 20 12:29:51 2013::http://tech.fortune.cnn.com/author/mhelft/
INFO:root:Mon May 20 12:30:30 2013::http://tech.fortune.cnn.com/tag/kleiner-perkins-caufield-byers/
INFO:root:Mon May 20 12:31:00 2013::http://tech.fortune.cnn.com/tag/fundraising/
INFO:root:Mon May 20 13:42:54 2013::http://www.interaction-design.org/encyclopedia/human_computer_interaction_hci.html
INFO:root:Mon May 20 13:48:46 2013::http://www.interaction-design.org/encyclopedia/human_computer_interaction_hci.html
INFO:root:Mon May 20 14:47:53 2013::http://tech.fortune.cnn.com/tag/tim-cook/
INFO:root:Mon May 20 14:49:00 2013::http://tech.fortune.cnn.com/author/mhelft/
INFO:root:Mon May 20 14:50:05 2013::http://tech.fortune.cnn.com/tag/kleiner-perkins-caufield-byers/
INFO:root:Mon May 20 14:51:05 2013::http://tech.fortune.cnn.com/tag/fundraising/
INFO:root:Mon May 20 14:52:18 2013::http://money.cnn.com/2013/05/20/news/economy/china-property/index.html
INFO:root:Mon May 20 15:00:38 2013::http://www.forbes.com/sites/haydnshaughnessy/2013/04/24/apple-earnings-tim-cook-invites-further-trouble-in-q3/
INFO:root:Mon May 20 15:04:06 2013::http://forbesreprints.magreprints.com/
INFO:root:Mon May 20 15:04:15 2013::http://www.forbes.com/video/
INFO:root:Mon May 20 15:07:41 2013::http://forbesreprints.magreprints.com/clients/services/
INFO:root:Mon May 20 15:07:49 2013::http://www.forbes.com/sites/haydnshaughnessy/2013/04/17/why-new-apple-products-wont-happen-anytime-soon/
INFO:root:Mon May 20 15:11:39 2013::http://www.forbes.com/sites/andreaspiegel/
INFO:root:Mon May 20 15:13:23 2013::http://www.wired.com/business/2013/05/exclusive-sundar-pichai-reveals-his-plans-for-android/
ERROR:root:Mon May 20 15:13:23 2013::[Errno socket error] [Errno 1] _ssl.c:504: error:140770FC:SSL routines:SSL23_GET_SERVER_HELLO:unknown protocol
INFO:root:Mon May 20 15:25:21 2013::https://twitter.com/#!/wired_business
ERROR:root:Mon May 20 15:25:21 2013::'src'
INFO:root:Mon May 20 15:25:32 2013::http://www.wired.com/geekmom/
ERROR:root:Mon May 20 15:25:32 2013::[Errno socket error] [Errno 1] _ssl.c:504: error:140770FC:SSL routines:SSL23_GET_SERVER_HELLO:unknown protocol
INFO:root:Mon May 20 15:42:39 2013::http://www.wired.com/geekmom/2013/03/kate-spade-jordan/
ERROR:root:Mon May 20 15:42:39 2013::[Errno socket error] [Errno 1] _ssl.c:504: error:140770FC:SSL routines:SSL23_GET_SERVER_HELLO:unknown protocol
INFO:root:Mon May 20 15:54:18 2013::http://www.wired.com/geekmom/elsewhere/dont-call-him-mom-or-an-imbecile-20130224/
ERROR:root:Mon May 20 15:54:18 2013::[Errno socket error] [Errno 1] _ssl.c:504: error:140770FC:SSL routines:SSL23_GET_SERVER_HELLO:unknown protocol
INFO:root:Mon May 20 16:05:31 2013::https://www.facebook.com/sharer/sharer.php?u=http%3A%2F%2Fwww.wired.com%2Fgeekmom%2Felsewhere%2Fdont-call-him-mom-or-an-imbecile-20130224%2F
INFO:root:Mon May 20 16:05:41 2013::http://www.randomhouse.com/book/219344/geek-mom-by-natania-barron-kathy-ceceri-corrina-lawson-and-jenny-williams/9780823085927/
ERROR:root:Mon May 20 16:05:41 2013::[Errno socket error] [Errno 1] _ssl.c:504: error:140770FC:SSL routines:SSL23_GET_SERVER_HELLO:unknown protocol
INFO:root:Mon May 20 16:06:36 2013::http://io9.com/5983100/22-science-books-that-are-so-exciting-they-read-like-genre-fiction?utm_campaign=io9_Facebook_socialflow&#038;utm_source=Socialflow&#038;utm_medium=Facebook
INFO:root:Mon May 20 16:08:07 2013::http://www.wired.co.uk/magazine/archive/2013/02/how-to/how-to-make-a-binary-name-badge
INFO:root:Mon May 20 16:08:53 2013::http://news.nationalgeographic.com/news/2013/13/130207-asteroid-flyby-earth-space-science/
INFO:root:Thu Jun 20 11:41:15 2013::http://sanjiva.weerawarana.org/
